<?xml version="1.0" encoding="UTF-8"?>
<!-- Generated by org.testng.reporters.JUnitReportReporter -->
<testsuite ignored="0" hostname="QA" failures="0" tests="1" name="Demo" time="0.601" errors="0" timestamp="12 Sep 2018 11:58:55 GMT" skipped="0">
  <testcase classname="Demo" name="extent_report" time="0.601"/>
</testsuite> <!-- Demo -->
